<?xml version="1.0" encoding="UTF-8"?>
<!-- Generated by org.testng.reporters.JUnitReportReporter -->
<testsuite skipped="0" hostname="DESKTOP-1SCR1MJ" name="jonsnow.Bulkmail_import" tests="1" failures="0" timestamp="11 Jul 2018 13:23:22 GMT" time="89.149" errors="0">
  <testcase name="bulk_upload" time="89.149" classname="jonsnow.Bulkmail_import"/>
</testsuite> <!-- jonsnow.Bulkmail_import -->
