<?xml version="1.0" encoding="UTF-8"?>
<!-- Generated by org.testng.reporters.JUnitReportReporter -->
<testsuite skipped="0" hostname="DESKTOP-1SCR1MJ" name="jonsnow.Bulkmail_import" tests="1" failures="0" timestamp="12 Jul 2018 06:20:36 GMT" time="56.534" errors="0">
  <testcase name="bulk_upload" time="56.534" classname="jonsnow.Bulkmail_import"/>
</testsuite> <!-- jonsnow.Bulkmail_import -->
