<?xml version="1.0" encoding="UTF-8"?>
<!-- Generated by org.testng.reporters.JUnitReportReporter -->
<testsuite skipped="0" hostname="DESKTOP-1SCR1MJ" name="jonsnow.Android_mobile" tests="1" failures="0" timestamp="17 Jul 2018 14:21:00 GMT" time="65.061" errors="0">
  <testcase name="main" time="65.061" classname="jonsnow.Android_mobile"/>
</testsuite> <!-- jonsnow.Android_mobile -->
